<?xml version="1.0" encoding="utf-8"?><testsuites name="pytest tests"><testsuite name="pytest" errors="0" failures="0" skipped="0" tests="6" time="3.091" timestamp="2026-09-09T19:24:43.077155+00:00" hostname="agent-env-045900d2-2b63-4dce-bac1-e3d7be4da5d2"><testcase classname="tests.test_portal_api" name="test_jobs_search_filter_sort" time="0.280" /><testcase classname="tests.test_portal_api" name="test_recommended_contains_match_breakdowns" time="0.178" /><testcase classname="tests.test_portal_api" name="test_sync_check_returns_ingestion_summary" time="0.193" /><testcase classname="tests.test_portal_api" name="test_profile_update_recalculates_age" time="0.583" /><testcase classname="tests.test_portal_api" name="test_tracker_create_update_delete_persistence" time="0.795" /><testcase classname="tests.test_portal_api" name="test_calendar_and_daily_quiz_flow" time="0.732" /></testsuite></testsuites>